2021-06-17 09:59:43 [INFO] [/Users/derek/Documents/06.goProject/wxldap/model/user.go:88] 用户已存在:cn=王会敏,ou=前端开发二组,ou=产品研发部,dc=eclincloud,dc=net
2021-06-17 09:59:43 [INFO] [/Users/derek/Documents/06.goProject/wxldap/model/user.go:88] 用户已存在:cn=樊聪,ou=后端开发二组,ou=产品研发部,dc=eclincloud,dc=net
2021-06-17 09:59:43 [INFO] [/Users/derek/Documents/06.goProject/wxldap/model/user.go:88] 用户已存在:cn=王新阶,ou=后端开发二组,ou=产品研发部,dc=eclincloud,dc=net
2021-06-17 09:59:43 [INFO] [/Users/derek/Documents/06.goProject/wxldap/model/user.go:88] 用户已存在:cn=石欢,ou=后端开发二组,ou=产品研发部,dc=eclincloud,dc=net
2021-06-17 09:59:43 [INFO] [/Users/derek/Documents/06.goProject/wxldap/model/user.go:88] 用户已存在:cn=邓琛蓉,ou=后端开发二组,ou=产品研发部,dc=eclincloud,dc=net
2021-06-17 09:59:43 [INFO] [/Users/derek/Documents/06.goProject/wxldap/model/user.go:88] 用户已存在:cn=罗蕾,ou=产品设计一组,ou=产品研发部,dc=eclincloud,dc=net
2021-06-17 09:59:43 [INFO] [/Users/derek/Documents/06.goProject/wxldap/model/user.go:88] 用户已存在:cn=吴雪薇,ou=产品设计一组,ou=产品研发部,dc=eclincloud,dc=net
2021-06-17 09:59:43 [INFO] [/Users/derek/Documents/06.goProject/wxldap/model/user.go:88] 用户已存在:cn=谭博文,ou=产品设计一组,ou=产品研发部,dc=eclincloud,dc=net
2021-06-17 09:59:43 [INFO] [/Users/derek/Documents/06.goProject/wxldap/model/user.go:88] 用户已存在:cn=包泽宇,ou=产品设计一组,ou=产品研发部,dc=eclincloud,dc=net
2021-06-17 09:59:44 [INFO] [/Users/derek/Documents/06.goProject/wxldap/model/user.go:88] 用户已存在:cn=罗敏,ou=产品设计二组,ou=产品研发部,dc=eclincloud,dc=net
2021-06-17 09:59:44 [INFO] [/Users/derek/Documents/06.goProject/wxldap/model/user.go:88] 用户已存在:cn=胡益琴,ou=产品设计二组,ou=产品研发部,dc=eclincloud,dc=net
2021-06-17 09:59:44 [INFO] [/Users/derek/Documents/06.goProject/wxldap/model/user.go:88] 用户已存在:cn=孙明明,ou=功能测试组,ou=质量保证部,dc=eclincloud,dc=net
2021-06-17 09:59:44 [INFO] [/Users/derek/Documents/06.goProject/wxldap/model/user.go:88] 用户已存在:cn=王谷尹,ou=功能测试组,ou=质量保证部,dc=eclincloud,dc=net
2021-06-17 09:59:44 [INFO] [/Users/derek/Documents/06.goProject/wxldap/model/user.go:88] 用户已存在:cn=苏江海,ou=功能测试组,ou=质量保证部,dc=eclincloud,dc=net
2021-06-17 09:59:44 [INFO] [/Users/derek/Documents/06.goProject/wxldap/model/user.go:88] 用户已存在:cn=杨学洪,ou=功能测试组,ou=质量保证部,dc=eclincloud,dc=net
2021-06-17 09:59:44 [INFO] [/Users/derek/Documents/06.goProject/wxldap/model/user.go:88] 用户已存在:cn=杨柯,ou=功能测试组,ou=质量保证部,dc=eclincloud,dc=net
2021-06-17 09:59:44 [INFO] [/Users/derek/Documents/06.goProject/wxldap/model/user.go:88] 用户已存在:cn=董俊鹏,ou=测试开发组,ou=质量保证部,dc=eclincloud,dc=net
2021-06-17 09:59:44 [INFO] [/Users/derek/Documents/06.goProject/wxldap/model/user.go:88] 用户已存在:cn=岑雪瑶,ou=客户服务部,dc=eclincloud,dc=net
2021-06-17 09:59:44 [INFO] [/Users/derek/Documents/06.goProject/wxldap/model/user.go:88] 用户已存在:cn=师白林,ou=客户服务部,dc=eclincloud,dc=net
2021-06-17 09:59:44 [INFO] [/Users/derek/Documents/06.goProject/wxldap/model/user.go:88] 用户已存在:cn=朱龙,ou=客户服务部,dc=eclincloud,dc=net
2021-06-17 10:00:14 [INFO] [/Users/derek/Documents/06.goProject/wxldap/model/dept.go:90] 开始同步部门及组...
2021-06-17 10:00:14 [INFO] [/Users/derek/Documents/06.goProject/wxldap/model/user.go:88] 用户已存在:cn=覃龙,ou=易临云（深圳）科技有限公司,dc=eclincloud,dc=net
2021-06-17 10:00:14 [INFO] [/Users/derek/Documents/06.goProject/wxldap/model/user.go:88] 用户已存在:cn=吴卫平,ou=易临云（深圳）科技有限公司,dc=eclincloud,dc=net
2021-06-17 10:00:14 [INFO] [/Users/derek/Documents/06.goProject/wxldap/model/user.go:88] 用户已存在:cn=苏泉宇,ou=易临云（深圳）科技有限公司,dc=eclincloud,dc=net
2021-06-17 10:00:14 [INFO] [/Users/derek/Documents/06.goProject/wxldap/model/user.go:88] 用户已存在:cn=陈德强,ou=产品研发部,dc=eclincloud,dc=net
2021-06-17 10:00:14 [INFO] [/Users/derek/Documents/06.goProject/wxldap/model/user.go:88] 用户已存在:cn=郭恒衡,ou=产品研发部,dc=eclincloud,dc=net
2021-06-17 10:00:14 [INFO] [/Users/derek/Documents/06.goProject/wxldap/model/user.go:88] 用户已存在:cn=王崇铭,ou=产品研发部,dc=eclincloud,dc=net
2021-06-17 10:00:14 [INFO] [/Users/derek/Documents/06.goProject/wxldap/model/user.go:88] 用户已存在:cn=黄亚梅,ou=综合管理部,dc=eclincloud,dc=net
2021-06-17 10:00:14 [INFO] [/Users/derek/Documents/06.goProject/wxldap/model/user.go:88] 用户已存在:cn=李帆,ou=综合管理部,dc=eclincloud,dc=net
2021-06-17 10:00:14 [INFO] [/Users/derek/Documents/06.goProject/wxldap/model/user.go:88] 用户已存在:cn=何秀琼,ou=综合管理部,dc=eclincloud,dc=net
2021-06-17 10:00:14 [INFO] [/Users/derek/Documents/06.goProject/wxldap/model/user.go:88] 用户已存在:cn=吴卫平,ou=销售与市场部,dc=eclincloud,dc=net
2021-06-17 10:00:14 [INFO] [/Users/derek/Documents/06.goProject/wxldap/model/user.go:88] 用户已存在:cn=董雪,ou=销售与市场部,dc=eclincloud,dc=net
2021-06-17 10:00:14 [INFO] [/Users/derek/Documents/06.goProject/wxldap/model/user.go:88] 用户已存在:cn=刘泽修,ou=销售与市场部,dc=eclincloud,dc=net
2021-06-17 10:00:14 [INFO] [/Users/derek/Documents/06.goProject/wxldap/model/user.go:88] 用户已存在:cn=包敏,ou=销售与市场部,dc=eclincloud,dc=net
2021-06-17 10:00:14 [INFO] [/Users/derek/Documents/06.goProject/wxldap/model/user.go:88] 用户已存在:cn=陈世兵,ou=质量保证部,dc=eclincloud,dc=net
2021-06-17 10:00:14 [INFO] [/Users/derek/Documents/06.goProject/wxldap/model/user.go:88] 用户已存在:cn=苟锐平,ou=质量保证部,dc=eclincloud,dc=net
2021-06-17 10:00:14 [INFO] [/Users/derek/Documents/06.goProject/wxldap/model/user.go:88] 用户已存在:cn=董勤,ou=后端开发一组,ou=产品研发部,dc=eclincloud,dc=net
2021-06-17 10:00:14 [INFO] [/Users/derek/Documents/06.goProject/wxldap/model/user.go:88] 用户已存在:cn=张鹏远,ou=后端开发一组,ou=产品研发部,dc=eclincloud,dc=net
2021-06-17 10:00:14 [INFO] [/Users/derek/Documents/06.goProject/wxldap/model/user.go:88] 用户已存在:cn=刘岗强,ou=后端开发一组,ou=产品研发部,dc=eclincloud,dc=net
2021-06-17 10:00:14 [INFO] [/Users/derek/Documents/06.goProject/wxldap/model/user.go:88] 用户已存在:cn=汪在洪,ou=后端开发一组,ou=产品研发部,dc=eclincloud,dc=net
2021-06-17 10:00:14 [INFO] [/Users/derek/Documents/06.goProject/wxldap/model/user.go:88] 用户已存在:cn=龚经纬,ou=后端开发一组,ou=产品研发部,dc=eclincloud,dc=net
2021-06-17 10:00:14 [INFO] [/Users/derek/Documents/06.goProject/wxldap/model/user.go:88] 用户已存在:cn=谢东,ou=后端开发一组,ou=产品研发部,dc=eclincloud,dc=net
2021-06-17 10:00:15 [INFO] [/Users/derek/Documents/06.goProject/wxldap/model/user.go:88] 用户已存在:cn=陈鹏,ou=前端开发一组,ou=产品研发部,dc=eclincloud,dc=net
2021-06-17 10:00:15 [INFO] [/Users/derek/Documents/06.goProject/wxldap/model/user.go:88] 用户已存在:cn=黄雷,ou=前端开发一组,ou=产品研发部,dc=eclincloud,dc=net
2021-06-17 10:00:15 [INFO] [/Users/derek/Documents/06.goProject/wxldap/model/user.go:88] 用户已存在:cn=牛丹,ou=前端开发一组,ou=产品研发部,dc=eclincloud,dc=net
2021-06-17 10:00:15 [INFO] [/Users/derek/Documents/06.goProject/wxldap/model/user.go:88] 用户已存在:cn=李伟,ou=前端开发一组,ou=产品研发部,dc=eclincloud,dc=net
2021-06-17 10:00:15 [INFO] [/Users/derek/Documents/06.goProject/wxldap/model/user.go:88] 用户已存在:cn=陈志强,ou=前端开发一组,ou=产品研发部,dc=eclincloud,dc=net
2021-06-17 10:00:15 [INFO] [/Users/derek/Documents/06.goProject/wxldap/model/user.go:88] 用户已存在:cn=王会敏,ou=前端开发二组,ou=产品研发部,dc=eclincloud,dc=net
2021-06-17 10:00:15 [INFO] [/Users/derek/Documents/06.goProject/wxldap/model/user.go:88] 用户已存在:cn=樊聪,ou=后端开发二组,ou=产品研发部,dc=eclincloud,dc=net
2021-06-17 10:00:15 [INFO] [/Users/derek/Documents/06.goProject/wxldap/model/user.go:88] 用户已存在:cn=王新阶,ou=后端开发二组,ou=产品研发部,dc=eclincloud,dc=net
2021-06-17 10:00:15 [INFO] [/Users/derek/Documents/06.goProject/wxldap/model/user.go:88] 用户已存在:cn=石欢,ou=后端开发二组,ou=产品研发部,dc=eclincloud,dc=net
2021-06-17 10:00:15 [INFO] [/Users/derek/Documents/06.goProject/wxldap/model/user.go:88] 用户已存在:cn=邓琛蓉,ou=后端开发二组,ou=产品研发部,dc=eclincloud,dc=net
2021-06-17 10:00:15 [INFO] [/Users/derek/Documents/06.goProject/wxldap/model/user.go:88] 用户已存在:cn=罗蕾,ou=产品设计一组,ou=产品研发部,dc=eclincloud,dc=net
2021-06-17 10:00:15 [INFO] [/Users/derek/Documents/06.goProject/wxldap/model/user.go:88] 用户已存在:cn=吴雪薇,ou=产品设计一组,ou=产品研发部,dc=eclincloud,dc=net
2021-06-17 10:00:15 [INFO] [/Users/derek/Documents/06.goProject/wxldap/model/user.go:88] 用户已存在:cn=谭博文,ou=产品设计一组,ou=产品研发部,dc=eclincloud,dc=net
2021-06-17 10:00:15 [INFO] [/Users/derek/Documents/06.goProject/wxldap/model/user.go:88] 用户已存在:cn=包泽宇,ou=产品设计一组,ou=产品研发部,dc=eclincloud,dc=net
2021-06-17 10:00:15 [INFO] [/Users/derek/Documents/06.goProject/wxldap/model/user.go:88] 用户已存在:cn=罗敏,ou=产品设计二组,ou=产品研发部,dc=eclincloud,dc=net
2021-06-17 10:00:15 [INFO] [/Users/derek/Documents/06.goProject/wxldap/model/user.go:88] 用户已存在:cn=胡益琴,ou=产品设计二组,ou=产品研发部,dc=eclincloud,dc=net
2021-06-17 10:00:15 [INFO] [/Users/derek/Documents/06.goProject/wxldap/model/user.go:88] 用户已存在:cn=孙明明,ou=功能测试组,ou=质量保证部,dc=eclincloud,dc=net
2021-06-17 10:00:15 [INFO] [/Users/derek/Documents/06.goProject/wxldap/model/user.go:88] 用户已存在:cn=王谷尹,ou=功能测试组,ou=质量保证部,dc=eclincloud,dc=net
2021-06-17 10:00:15 [INFO] [/Users/derek/Documents/06.goProject/wxldap/model/user.go:88] 用户已存在:cn=苏江海,ou=功能测试组,ou=质量保证部,dc=eclincloud,dc=net
2021-06-17 10:00:15 [INFO] [/Users/derek/Documents/06.goProject/wxldap/model/user.go:88] 用户已存在:cn=杨学洪,ou=功能测试组,ou=质量保证部,dc=eclincloud,dc=net
2021-06-17 10:00:15 [INFO] [/Users/derek/Documents/06.goProject/wxldap/model/user.go:88] 用户已存在:cn=杨柯,ou=功能测试组,ou=质量保证部,dc=eclincloud,dc=net
2021-06-17 10:00:15 [INFO] [/Users/derek/Documents/06.goProject/wxldap/model/user.go:88] 用户已存在:cn=董俊鹏,ou=测试开发组,ou=质量保证部,dc=eclincloud,dc=net
2021-06-17 10:00:15 [INFO] [/Users/derek/Documents/06.goProject/wxldap/model/user.go:88] 用户已存在:cn=岑雪瑶,ou=客户服务部,dc=eclincloud,dc=net
2021-06-17 10:00:15 [INFO] [/Users/derek/Documents/06.goProject/wxldap/model/user.go:88] 用户已存在:cn=师白林,ou=客户服务部,dc=eclincloud,dc=net
2021-06-17 10:00:15 [INFO] [/Users/derek/Documents/06.goProject/wxldap/model/user.go:88] 用户已存在:cn=朱龙,ou=客户服务部,dc=eclincloud,dc=net
2021-06-17 10:00:45 [INFO] [/Users/derek/Documents/06.goProject/wxldap/model/dept.go:90] 开始同步部门及组...
2021-06-17 10:00:46 [INFO] [/Users/derek/Documents/06.goProject/wxldap/model/user.go:88] 用户已存在:cn=覃龙,ou=易临云（深圳）科技有限公司,dc=eclincloud,dc=net
2021-06-17 10:00:46 [INFO] [/Users/derek/Documents/06.goProject/wxldap/model/user.go:88] 用户已存在:cn=吴卫平,ou=易临云（深圳）科技有限公司,dc=eclincloud,dc=net
2021-06-17 10:00:46 [INFO] [/Users/derek/Documents/06.goProject/wxldap/model/user.go:88] 用户已存在:cn=苏泉宇,ou=易临云（深圳）科技有限公司,dc=eclincloud,dc=net
2021-06-17 10:00:46 [INFO] [/Users/derek/Documents/06.goProject/wxldap/model/user.go:88] 用户已存在:cn=陈德强,ou=产品研发部,dc=eclincloud,dc=net
2021-06-17 10:00:46 [INFO] [/Users/derek/Documents/06.goProject/wxldap/model/user.go:88] 用户已存在:cn=郭恒衡,ou=产品研发部,dc=eclincloud,dc=net
2021-06-17 10:00:46 [INFO] [/Users/derek/Documents/06.goProject/wxldap/model/user.go:88] 用户已存在:cn=王崇铭,ou=产品研发部,dc=eclincloud,dc=net
2021-06-17 10:00:46 [INFO] [/Users/derek/Documents/06.goProject/wxldap/model/user.go:88] 用户已存在:cn=黄亚梅,ou=综合管理部,dc=eclincloud,dc=net
2021-06-17 10:00:46 [INFO] [/Users/derek/Documents/06.goProject/wxldap/model/user.go:88] 用户已存在:cn=李帆,ou=综合管理部,dc=eclincloud,dc=net
2021-06-17 10:00:46 [INFO] [/Users/derek/Documents/06.goProject/wxldap/model/user.go:88] 用户已存在:cn=何秀琼,ou=综合管理部,dc=eclincloud,dc=net
2021-06-17 10:00:46 [INFO] [/Users/derek/Documents/06.goProject/wxldap/model/user.go:88] 用户已存在:cn=吴卫平,ou=销售与市场部,dc=eclincloud,dc=net
2021-06-17 10:00:46 [INFO] [/Users/derek/Documents/06.goProject/wxldap/model/user.go:88] 用户已存在:cn=董雪,ou=销售与市场部,dc=eclincloud,dc=net
2021-06-17 10:00:46 [INFO] [/Users/derek/Documents/06.goProject/wxldap/model/user.go:88] 用户已存在:cn=刘泽修,ou=销售与市场部,dc=eclincloud,dc=net
2021-06-17 10:00:46 [INFO] [/Users/derek/Documents/06.goProject/wxldap/model/user.go:88] 用户已存在:cn=包敏,ou=销售与市场部,dc=eclincloud,dc=net
2021-06-17 10:00:46 [INFO] [/Users/derek/Documents/06.goProject/wxldap/model/user.go:88] 用户已存在:cn=陈世兵,ou=质量保证部,dc=eclincloud,dc=net
2021-06-17 10:00:46 [INFO] [/Users/derek/Documents/06.goProject/wxldap/model/user.go:88] 用户已存在:cn=苟锐平,ou=质量保证部,dc=eclincloud,dc=net
2021-06-17 10:00:46 [INFO] [/Users/derek/Documents/06.goProject/wxldap/model/user.go:88] 用户已存在:cn=董勤,ou=后端开发一组,ou=产品研发部,dc=eclincloud,dc=net
2021-06-17 10:00:46 [INFO] [/Users/derek/Documents/06.goProject/wxldap/model/user.go:88] 用户已存在:cn=张鹏远,ou=后端开发一组,ou=产品研发部,dc=eclincloud,dc=net
2021-06-17 10:00:46 [INFO] [/Users/derek/Documents/06.goProject/wxldap/model/user.go:88] 用户已存在:cn=刘岗强,ou=后端开发一组,ou=产品研发部,dc=eclincloud,dc=net
2021-06-17 10:00:46 [INFO] [/Users/derek/Documents/06.goProject/wxldap/model/user.go:88] 用户已存在:cn=汪在洪,ou=后端开发一组,ou=产品研发部,dc=eclincloud,dc=net
2021-06-17 10:00:46 [INFO] [/Users/derek/Documents/06.goProject/wxldap/model/user.go:88] 用户已存在:cn=龚经纬,ou=后端开发一组,ou=产品研发部,dc=eclincloud,dc=net
2021-06-17 10:00:46 [INFO] [/Users/derek/Documents/06.goProject/wxldap/model/user.go:88] 用户已存在:cn=谢东,ou=后端开发一组,ou=产品研发部,dc=eclincloud,dc=net
2021-06-17 10:00:46 [INFO] [/Users/derek/Documents/06.goProject/wxldap/model/user.go:88] 用户已存在:cn=陈鹏,ou=前端开发一组,ou=产品研发部,dc=eclincloud,dc=net
2021-06-17 10:00:46 [INFO] [/Users/derek/Documents/06.goProject/wxldap/model/user.go:88] 用户已存在:cn=黄雷,ou=前端开发一组,ou=产品研发部,dc=eclincloud,dc=net
2021-06-17 10:00:46 [INFO] [/Users/derek/Documents/06.goProject/wxldap/model/user.go:88] 用户已存在:cn=牛丹,ou=前端开发一组,ou=产品研发部,dc=eclincloud,dc=net
2021-06-17 10:00:46 [INFO] [/Users/derek/Documents/06.goProject/wxldap/model/user.go:88] 用户已存在:cn=李伟,ou=前端开发一组,ou=产品研发部,dc=eclincloud,dc=net
2021-06-17 10:00:46 [INFO] [/Users/derek/Documents/06.goProject/wxldap/model/user.go:88] 用户已存在:cn=陈志强,ou=前端开发一组,ou=产品研发部,dc=eclincloud,dc=net
2021-06-17 10:00:46 [INFO] [/Users/derek/Documents/06.goProject/wxldap/model/user.go:88] 用户已存在:cn=王会敏,ou=前端开发二组,ou=产品研发部,dc=eclincloud,dc=net
2021-06-17 10:00:46 [INFO] [/Users/derek/Documents/06.goProject/wxldap/model/user.go:88] 用户已存在:cn=樊聪,ou=后端开发二组,ou=产品研发部,dc=eclincloud,dc=net
2021-06-17 10:00:46 [INFO] [/Users/derek/Documents/06.goProject/wxldap/model/user.go:88] 用户已存在:cn=王新阶,ou=后端开发二组,ou=产品研发部,dc=eclincloud,dc=net
2021-06-17 10:00:46 [INFO] [/Users/derek/Documents/06.goProject/wxldap/model/user.go:88] 用户已存在:cn=石欢,ou=后端开发二组,ou=产品研发部,dc=eclincloud,dc=net
2021-06-17 10:00:46 [INFO] [/Users/derek/Documents/06.goProject/wxldap/model/user.go:88] 用户已存在:cn=邓琛蓉,ou=后端开发二组,ou=产品研发部,dc=eclincloud,dc=net
2021-06-17 10:00:46 [INFO] [/Users/derek/Documents/06.goProject/wxldap/model/user.go:88] 用户已存在:cn=罗蕾,ou=产品设计一组,ou=产品研发部,dc=eclincloud,dc=net
2021-06-17 10:00:46 [INFO] [/Users/derek/Documents/06.goProject/wxldap/model/user.go:88] 用户已存在:cn=吴雪薇,ou=产品设计一组,ou=产品研发部,dc=eclincloud,dc=net
2021-06-17 10:00:46 [INFO] [/Users/derek/Documents/06.goProject/wxldap/model/user.go:88] 用户已存在:cn=谭博文,ou=产品设计一组,ou=产品研发部,dc=eclincloud,dc=net
2021-06-17 10:00:46 [INFO] [/Users/derek/Documents/06.goProject/wxldap/model/user.go:88] 用户已存在:cn=包泽宇,ou=产品设计一组,ou=产品研发部,dc=eclincloud,dc=net
2021-06-17 10:00:46 [INFO] [/Users/derek/Documents/06.goProject/wxldap/model/user.go:88] 用户已存在:cn=罗敏,ou=产品设计二组,ou=产品研发部,dc=eclincloud,dc=net
2021-06-17 10:00:46 [INFO] [/Users/derek/Documents/06.goProject/wxldap/model/user.go:88] 用户已存在:cn=胡益琴,ou=产品设计二组,ou=产品研发部,dc=eclincloud,dc=net
2021-06-17 10:00:46 [INFO] [/Users/derek/Documents/06.goProject/wxldap/model/user.go:88] 用户已存在:cn=孙明明,ou=功能测试组,ou=质量保证部,dc=eclincloud,dc=net
2021-06-17 10:00:46 [INFO] [/Users/derek/Documents/06.goProject/wxldap/model/user.go:88] 用户已存在:cn=王谷尹,ou=功能测试组,ou=质量保证部,dc=eclincloud,dc=net
2021-06-17 10:00:46 [INFO] [/Users/derek/Documents/06.goProject/wxldap/model/user.go:88] 用户已存在:cn=苏江海,ou=功能测试组,ou=质量保证部,dc=eclincloud,dc=net
2021-06-17 10:00:46 [INFO] [/Users/derek/Documents/06.goProject/wxldap/model/user.go:88] 用户已存在:cn=杨学洪,ou=功能测试组,ou=质量保证部,dc=eclincloud,dc=net
2021-06-17 10:00:46 [INFO] [/Users/derek/Documents/06.goProject/wxldap/model/user.go:88] 用户已存在:cn=杨柯,ou=功能测试组,ou=质量保证部,dc=eclincloud,dc=net
2021-06-17 10:00:47 [INFO] [/Users/derek/Documents/06.goProject/wxldap/model/user.go:88] 用户已存在:cn=董俊鹏,ou=测试开发组,ou=质量保证部,dc=eclincloud,dc=net
2021-06-17 10:00:47 [INFO] [/Users/derek/Documents/06.goProject/wxldap/model/user.go:88] 用户已存在:cn=岑雪瑶,ou=客户服务部,dc=eclincloud,dc=net
2021-06-17 10:00:47 [INFO] [/Users/derek/Documents/06.goProject/wxldap/model/user.go:88] 用户已存在:cn=师白林,ou=客户服务部,dc=eclincloud,dc=net
2021-06-17 10:00:47 [INFO] [/Users/derek/Documents/06.goProject/wxldap/model/user.go:88] 用户已存在:cn=朱龙,ou=客户服务部,dc=eclincloud,dc=net
2021-06-17 10:01:17 [INFO] [/Users/derek/Documents/06.goProject/wxldap/model/dept.go:90] 开始同步部门及组...
2021-06-17 10:01:17 [INFO] [/Users/derek/Documents/06.goProject/wxldap/model/user.go:88] 用户已存在:cn=覃龙,ou=易临云（深圳）科技有限公司,dc=eclincloud,dc=net
2021-06-17 10:01:17 [INFO] [/Users/derek/Documents/06.goProject/wxldap/model/user.go:88] 用户已存在:cn=吴卫平,ou=易临云（深圳）科技有限公司,dc=eclincloud,dc=net
2021-06-17 10:01:17 [INFO] [/Users/derek/Documents/06.goProject/wxldap/model/user.go:88] 用户已存在:cn=苏泉宇,ou=易临云（深圳）科技有限公司,dc=eclincloud,dc=net
2021-06-17 10:01:17 [INFO] [/Users/derek/Documents/06.goProject/wxldap/model/user.go:88] 用户已存在:cn=陈德强,ou=产品研发部,dc=eclincloud,dc=net
2021-06-17 10:01:17 [INFO] [/Users/derek/Documents/06.goProject/wxldap/model/user.go:88] 用户已存在:cn=郭恒衡,ou=产品研发部,dc=eclincloud,dc=net
2021-06-17 10:01:17 [INFO] [/Users/derek/Documents/06.goProject/wxldap/model/user.go:88] 用户已存在:cn=王崇铭,ou=产品研发部,dc=eclincloud,dc=net
2021-06-17 10:01:17 [INFO] [/Users/derek/Documents/06.goProject/wxldap/model/user.go:88] 用户已存在:cn=黄亚梅,ou=综合管理部,dc=eclincloud,dc=net
2021-06-17 10:01:17 [INFO] [/Users/derek/Documents/06.goProject/wxldap/model/user.go:88] 用户已存在:cn=李帆,ou=综合管理部,dc=eclincloud,dc=net
2021-06-17 10:01:17 [INFO] [/Users/derek/Documents/06.goProject/wxldap/model/user.go:88] 用户已存在:cn=何秀琼,ou=综合管理部,dc=eclincloud,dc=net
2021-06-17 10:01:17 [INFO] [/Users/derek/Documents/06.goProject/wxldap/model/user.go:88] 用户已存在:cn=吴卫平,ou=销售与市场部,dc=eclincloud,dc=net
2021-06-17 10:01:17 [INFO] [/Users/derek/Documents/06.goProject/wxldap/model/user.go:88] 用户已存在:cn=董雪,ou=销售与市场部,dc=eclincloud,dc=net
2021-06-17 10:01:17 [INFO] [/Users/derek/Documents/06.goProject/wxldap/model/user.go:88] 用户已存在:cn=刘泽修,ou=销售与市场部,dc=eclincloud,dc=net
2021-06-17 10:01:17 [INFO] [/Users/derek/Documents/06.goProject/wxldap/model/user.go:88] 用户已存在:cn=包敏,ou=销售与市场部,dc=eclincloud,dc=net
2021-06-17 10:01:17 [INFO] [/Users/derek/Documents/06.goProject/wxldap/model/user.go:88] 用户已存在:cn=陈世兵,ou=质量保证部,dc=eclincloud,dc=net
2021-06-17 10:01:17 [INFO] [/Users/derek/Documents/06.goProject/wxldap/model/user.go:88] 用户已存在:cn=苟锐平,ou=质量保证部,dc=eclincloud,dc=net
2021-06-17 10:01:17 [INFO] [/Users/derek/Documents/06.goProject/wxldap/model/user.go:88] 用户已存在:cn=董勤,ou=后端开发一组,ou=产品研发部,dc=eclincloud,dc=net
2021-06-17 10:01:17 [INFO] [/Users/derek/Documents/06.goProject/wxldap/model/user.go:88] 用户已存在:cn=张鹏远,ou=后端开发一组,ou=产品研发部,dc=eclincloud,dc=net
2021-06-17 10:01:17 [INFO] [/Users/derek/Documents/06.goProject/wxldap/model/user.go:88] 用户已存在:cn=刘岗强,ou=后端开发一组,ou=产品研发部,dc=eclincloud,dc=net
2021-06-17 10:01:17 [INFO] [/Users/derek/Documents/06.goProject/wxldap/model/user.go:88] 用户已存在:cn=汪在洪,ou=后端开发一组,ou=产品研发部,dc=eclincloud,dc=net
2021-06-17 10:01:17 [INFO] [/Users/derek/Documents/06.goProject/wxldap/model/user.go:88] 用户已存在:cn=龚经纬,ou=后端开发一组,ou=产品研发部,dc=eclincloud,dc=net
2021-06-17 10:01:17 [INFO] [/Users/derek/Documents/06.goProject/wxldap/model/user.go:88] 用户已存在:cn=谢东,ou=后端开发一组,ou=产品研发部,dc=eclincloud,dc=net
2021-06-17 10:01:17 [INFO] [/Users/derek/Documents/06.goProject/wxldap/model/user.go:88] 用户已存在:cn=陈鹏,ou=前端开发一组,ou=产品研发部,dc=eclincloud,dc=net
2021-06-17 10:01:17 [INFO] [/Users/derek/Documents/06.goProject/wxldap/model/user.go:88] 用户已存在:cn=黄雷,ou=前端开发一组,ou=产品研发部,dc=eclincloud,dc=net
2021-06-17 10:01:17 [INFO] [/Users/derek/Documents/06.goProject/wxldap/model/user.go:88] 用户已存在:cn=牛丹,ou=前端开发一组,ou=产品研发部,dc=eclincloud,dc=net
2021-06-17 10:01:17 [INFO] [/Users/derek/Documents/06.goProject/wxldap/model/user.go:88] 用户已存在:cn=李伟,ou=前端开发一组,ou=产品研发部,dc=eclincloud,dc=net
2021-06-17 10:01:17 [INFO] [/Users/derek/Documents/06.goProject/wxldap/model/user.go:88] 用户已存在:cn=陈志强,ou=前端开发一组,ou=产品研发部,dc=eclincloud,dc=net
2021-06-17 10:01:17 [INFO] [/Users/derek/Documents/06.goProject/wxldap/model/user.go:88] 用户已存在:cn=王会敏,ou=前端开发二组,ou=产品研发部,dc=eclincloud,dc=net
2021-06-17 10:01:18 [INFO] [/Users/derek/Documents/06.goProject/wxldap/model/user.go:88] 用户已存在:cn=樊聪,ou=后端开发二组,ou=产品研发部,dc=eclincloud,dc=net
2021-06-17 10:01:18 [INFO] [/Users/derek/Documents/06.goProject/wxldap/model/user.go:88] 用户已存在:cn=王新阶,ou=后端开发二组,ou=产品研发部,dc=eclincloud,dc=net
2021-06-17 10:01:18 [INFO] [/Users/derek/Documents/06.goProject/wxldap/model/user.go:88] 用户已存在:cn=石欢,ou=后端开发二组,ou=产品研发部,dc=eclincloud,dc=net
2021-06-17 10:01:18 [INFO] [/Users/derek/Documents/06.goProject/wxldap/model/user.go:88] 用户已存在:cn=邓琛蓉,ou=后端开发二组,ou=产品研发部,dc=eclincloud,dc=net
2021-06-17 10:01:18 [INFO] [/Users/derek/Documents/06.goProject/wxldap/model/user.go:88] 用户已存在:cn=罗蕾,ou=产品设计一组,ou=产品研发部,dc=eclincloud,dc=net
2021-06-17 10:01:18 [INFO] [/Users/derek/Documents/06.goProject/wxldap/model/user.go:88] 用户已存在:cn=吴雪薇,ou=产品设计一组,ou=产品研发部,dc=eclincloud,dc=net
2021-06-17 10:01:18 [INFO] [/Users/derek/Documents/06.goProject/wxldap/model/user.go:88] 用户已存在:cn=谭博文,ou=产品设计一组,ou=产品研发部,dc=eclincloud,dc=net
2021-06-17 10:01:18 [INFO] [/Users/derek/Documents/06.goProject/wxldap/model/user.go:88] 用户已存在:cn=包泽宇,ou=产品设计一组,ou=产品研发部,dc=eclincloud,dc=net
2021-06-17 10:01:18 [INFO] [/Users/derek/Documents/06.goProject/wxldap/model/user.go:88] 用户已存在:cn=罗敏,ou=产品设计二组,ou=产品研发部,dc=eclincloud,dc=net
2021-06-17 10:01:18 [INFO] [/Users/derek/Documents/06.goProject/wxldap/model/user.go:88] 用户已存在:cn=胡益琴,ou=产品设计二组,ou=产品研发部,dc=eclincloud,dc=net
2021-06-17 10:01:18 [INFO] [/Users/derek/Documents/06.goProject/wxldap/model/user.go:88] 用户已存在:cn=孙明明,ou=功能测试组,ou=质量保证部,dc=eclincloud,dc=net
2021-06-17 10:01:18 [INFO] [/Users/derek/Documents/06.goProject/wxldap/model/user.go:88] 用户已存在:cn=王谷尹,ou=功能测试组,ou=质量保证部,dc=eclincloud,dc=net
2021-06-17 10:01:18 [INFO] [/Users/derek/Documents/06.goProject/wxldap/model/user.go:88] 用户已存在:cn=苏江海,ou=功能测试组,ou=质量保证部,dc=eclincloud,dc=net
2021-06-17 10:01:18 [INFO] [/Users/derek/Documents/06.goProject/wxldap/model/user.go:88] 用户已存在:cn=杨学洪,ou=功能测试组,ou=质量保证部,dc=eclincloud,dc=net
2021-06-17 10:01:18 [INFO] [/Users/derek/Documents/06.goProject/wxldap/model/user.go:88] 用户已存在:cn=杨柯,ou=功能测试组,ou=质量保证部,dc=eclincloud,dc=net
2021-06-17 10:01:18 [INFO] [/Users/derek/Documents/06.goProject/wxldap/model/user.go:88] 用户已存在:cn=董俊鹏,ou=测试开发组,ou=质量保证部,dc=eclincloud,dc=net
2021-06-17 10:01:18 [INFO] [/Users/derek/Documents/06.goProject/wxldap/model/user.go:88] 用户已存在:cn=岑雪瑶,ou=客户服务部,dc=eclincloud,dc=net
2021-06-17 10:01:18 [INFO] [/Users/derek/Documents/06.goProject/wxldap/model/user.go:88] 用户已存在:cn=师白林,ou=客户服务部,dc=eclincloud,dc=net
2021-06-17 10:01:18 [INFO] [/Users/derek/Documents/06.goProject/wxldap/model/user.go:88] 用户已存在:cn=朱龙,ou=客户服务部,dc=eclincloud,dc=net
